21/01/10 21:59:52 WARN streaming.StreamJob: -file option is deprecated, please use generic option -files instead.
21/01/10 21:59:57 INFO client.RMProxy: Connecting to ResourceManager at /0.0.0.0:8032
21/01/10 21:59:58 INFO client.RMProxy: Connecting to ResourceManager at /0.0.0.0:8032
21/01/10 22:00:00 INFO mapred.FileInputFormat: Total input paths to process : 1
21/01/10 22:00:00 INFO mapreduce.JobSubmitter: number of splits:2
21/01/10 22:00:01 INFO mapreduce.JobSubmitter: Submitting tokens for job: job_1610148164095_0016
21/01/10 22:00:02 INFO impl.YarnClientImpl: Submitted application application_1610148164095_0016
21/01/10 22:00:02 INFO mapreduce.Job: The url to track the job: http://quickstart.cloudera:8088/proxy/application_1610148164095_0016/
21/01/10 22:00:02 INFO mapreduce.Job: Running job: job_1610148164095_0016
21/01/10 22:00:19 INFO mapreduce.Job: Job job_1610148164095_0016 running in uber mode : false
21/01/10 22:00:19 INFO mapreduce.Job:  map 0% reduce 0%
21/01/10 22:00:39 INFO mapreduce.Job:  map 100% reduce 0%
21/01/10 22:00:55 INFO mapreduce.Job:  map 100% reduce 100%
21/01/10 22:00:55 INFO mapreduce.Job: Job job_1610148164095_0016 completed successfully
21/01/10 22:00:56 INFO mapreduce.Job: Counters: 49
	File System Counters
		FILE: Number of bytes read=606
		FILE: Number of bytes written=342935
		FILE: Number of read operations=0
		FILE: Number of large read operations=0
		FILE: Number of write operations=0
		HDFS: Number of bytes read=1698
		HDFS: Number of bytes written=121
		HDFS: Number of read operations=9
		HDFS: Number of large read operations=0
		HDFS: Number of write operations=2
	Job Counters 
		Launched map tasks=2
		Launched reduce tasks=1
		Data-local map tasks=2
		Total time spent by all maps in occupied slots (ms)=36943
		Total time spent by all reduces in occupied slots (ms)=12824
		Total time spent by all map tasks (ms)=36943
		Total time spent by all reduce tasks (ms)=12824
		Total vcore-seconds taken by all map tasks=36943
		Total vcore-seconds taken by all reduce tasks=12824
		Total megabyte-seconds taken by all map tasks=37829632
		Total megabyte-seconds taken by all reduce tasks=13131776
	Map-Reduce Framework
		Map input records=16
		Map output records=16
		Map output bytes=568
		Map output materialized bytes=612
		Input split bytes=208
		Combine input records=0
		Combine output records=0
		Reduce input groups=5
		Reduce shuffle bytes=612
		Reduce input records=16
		Reduce output records=5
		Spilled Records=32
		Shuffled Maps =2
		Failed Shuffles=0
		Merged Map outputs=2
		GC time elapsed (ms)=303
		CPU time spent (ms)=1920
		Physical memory (bytes) snapshot=597151744
		Virtual memory (bytes) snapshot=4512378880
		Total committed heap usage (bytes)=391979008
	Shuffle Errors
		BAD_ID=0
		CONNECTION=0
		IO_ERROR=0
		WRONG_LENGTH=0
		WRONG_MAP=0
		WRONG_REDUCE=0
	File Input Format Counters 
		Bytes Read=1490
	File Output Format Counters 
		Bytes Written=121
21/01/10 22:00:56 INFO streaming.StreamJob: Output directory: /output_files/all_accidents
21/01/10 22:00:58 WARN streaming.StreamJob: -file option is deprecated, please use generic option -files instead.
21/01/10 22:01:02 INFO client.RMProxy: Connecting to ResourceManager at /0.0.0.0:8032
21/01/10 22:01:04 INFO client.RMProxy: Connecting to ResourceManager at /0.0.0.0:8032
21/01/10 22:01:06 INFO mapred.FileInputFormat: Total input paths to process : 1
21/01/10 22:01:06 INFO mapreduce.JobSubmitter: number of splits:2
21/01/10 22:01:07 INFO mapreduce.JobSubmitter: Submitting tokens for job: job_1610148164095_0017
21/01/10 22:01:07 INFO impl.YarnClientImpl: Submitted application application_1610148164095_0017
21/01/10 22:01:08 INFO mapreduce.Job: The url to track the job: http://quickstart.cloudera:8088/proxy/application_1610148164095_0017/
21/01/10 22:01:08 INFO mapreduce.Job: Running job: job_1610148164095_0017
21/01/10 22:01:26 INFO mapreduce.Job: Job job_1610148164095_0017 running in uber mode : false
21/01/10 22:01:26 INFO mapreduce.Job:  map 0% reduce 0%
21/01/10 22:01:44 INFO mapreduce.Job:  map 50% reduce 0%
21/01/10 22:01:45 INFO mapreduce.Job:  map 100% reduce 0%
21/01/10 22:02:01 INFO mapreduce.Job:  map 100% reduce 100%
21/01/10 22:02:01 INFO mapreduce.Job: Job job_1610148164095_0017 completed successfully
21/01/10 22:02:01 INFO mapreduce.Job: Counters: 49
	File System Counters
		FILE: Number of bytes read=137
		FILE: Number of bytes written=342018
		FILE: Number of read operations=0
		FILE: Number of large read operations=0
		FILE: Number of write operations=0
		HDFS: Number of bytes read=424
		HDFS: Number of bytes written=96
		HDFS: Number of read operations=9
		HDFS: Number of large read operations=0
		HDFS: Number of write operations=2
	Job Counters 
		Launched map tasks=2
		Launched reduce tasks=1
		Data-local map tasks=2
		Total time spent by all maps in occupied slots (ms)=33323
		Total time spent by all reduces in occupied slots (ms)=12762
		Total time spent by all map tasks (ms)=33323
		Total time spent by all reduce tasks (ms)=12762
		Total vcore-seconds taken by all map tasks=33323
		Total vcore-seconds taken by all reduce tasks=12762
		Total megabyte-seconds taken by all map tasks=34122752
		Total megabyte-seconds taken by all reduce tasks=13068288
	Map-Reduce Framework
		Map input records=5
		Map output records=5
		Map output bytes=121
		Map output materialized bytes=143
		Input split bytes=242
		Combine input records=0
		Combine output records=0
		Reduce input groups=4
		Reduce shuffle bytes=143
		Reduce input records=5
		Reduce output records=4
		Spilled Records=10
		Shuffled Maps =2
		Failed Shuffles=0
		Merged Map outputs=2
		GC time elapsed (ms)=372
		CPU time spent (ms)=1890
		Physical memory (bytes) snapshot=586362880
		Virtual memory (bytes) snapshot=4512051200
		Total committed heap usage (bytes)=391979008
	Shuffle Errors
		BAD_ID=0
		CONNECTION=0
		IO_ERROR=0
		WRONG_LENGTH=0
		WRONG_MAP=0
		WRONG_REDUCE=0
	File Input Format Counters 
		Bytes Read=182
	File Output Format Counters 
		Bytes Written=96
21/01/10 22:02:01 INFO streaming.StreamJob: Output directory: /output_files/make_year_count
